  Ghosts.cpp
c:\users\s1600056\downloads\new folder (2)\proj\vs2015\ghosts.cpp(54): warning C4244: 'initializing': conversion from 'float' to 'int', possible loss of data
c:\users\s1600056\downloads\new folder (2)\proj\vs2015\ghosts.cpp(55): warning C4244: 'initializing': conversion from 'float' to 'int', possible loss of data
c:\users\s1600056\downloads\new folder (2)\proj\vs2015\ghosts.cpp(69): warning C4244: 'argument': conversion from 'int' to 'float', possible loss of data
c:\users\s1600056\downloads\new folder (2)\proj\vs2015\ghosts.cpp(75): warning C4244: 'argument': conversion from 'int' to 'float', possible loss of data
c:\users\s1600056\downloads\new folder (2)\proj\vs2015\ghosts.cpp(81): warning C4244: 'argument': conversion from 'int' to 'float', possible loss of data
c:\users\s1600056\downloads\new folder (2)\proj\vs2015\ghosts.cpp(87): warning C4244: 'argument': conversion from 'int' to 'float', possible loss of data
c:\users\s1600056\downloads\new folder (2)\proj\vs2015\ghosts.cpp(145): warning C4244: '=': conversion from 'float' to 'int', possible loss of data
c:\users\s1600056\downloads\new folder (2)\proj\vs2015\ghosts.cpp(152): warning C4244: '=': conversion from 'float' to 'int', possible loss of data
c:\users\s1600056\downloads\new folder (2)\proj\vs2015\ghosts.cpp(159): warning C4244: '=': conversion from 'float' to 'int', possible loss of data
c:\users\s1600056\downloads\new folder (2)\proj\vs2015\ghosts.cpp(166): warning C4244: '=': conversion from 'float' to 'int', possible loss of data
c:\users\s1600056\downloads\new folder (2)\proj\vs2015\ghosts.cpp(182): warning C4244: '=': conversion from 'int' to 'float', possible loss of data
c:\users\s1600056\downloads\new folder (2)\proj\vs2015\ghosts.cpp(192): warning C4244: '=': conversion from 'int' to 'float', possible loss of data
c:\users\s1600056\downloads\new folder (2)\proj\vs2015\ghosts.cpp(202): warning C4244: '=': conversion from 'int' to 'float', possible loss of data
c:\users\s1600056\downloads\new folder (2)\proj\vs2015\ghosts.cpp(212): warning C4244: '=': conversion from 'int' to 'float', possible loss of data
  main.cpp
c:\users\s1600056\downloads\new folder (2)\source\main.cpp(52): warning C4244: 'argument': conversion from 'float' to 'int', possible loss of data
c:\users\s1600056\downloads\new folder (2)\source\main.cpp(149): warning C4244: '=': conversion from 'float' to 'int', possible loss of data
c:\users\s1600056\downloads\new folder (2)\source\main.cpp(213): warning C4244: 'argument': conversion from 'float' to 'int', possible loss of data
c:\users\s1600056\downloads\new folder (2)\source\main.cpp(214): warning C4244: 'argument': conversion from 'float' to 'int', possible loss of data
c:\users\s1600056\downloads\new folder (2)\source\main.cpp(215): warning C4244: 'argument': conversion from 'float' to 'int', possible loss of data
c:\users\s1600056\downloads\new folder (2)\source\main.cpp(216): warning C4244: 'argument': conversion from 'float' to 'int', possible loss of data
  Generating Code...
c:\users\s1600056\downloads\new folder (2)\proj\vs2015\ghosts.cpp(107): warning C4715: 'GhostProperties::GetDirection': not all control paths return a value
  Pacman.vcxproj -> C:\Users\s1600056\Downloads\New folder (2)\proj\vs2015\..\..\bin\x64\Debug\Pacman.exe
  xcopy "C:\Users\s1600056\Downloads\New folder (2)\scripts\..\resources\"*.* "C:\Users\s1600056\Downloads\New folder (2)\proj\vs2015\..\..\bin\x64\Debug\" /s /y /d /r 
  0 File(s) copied
